<?xml version="1.0" encoding="UTF-8"?>
<testng-results ignored="0" total="1" passed="1" failed="0" skipped="0">
  <reporter-output>
  </reporter-output>
  <suite started-at="2024-01-02T17:45:48 GMT-05:00" name="Default suite" finished-at="2024-01-02T17:45:53 GMT-05:00" duration-ms="4555">
    <groups>
    </groups>
    <test started-at="2024-01-02T17:45:48 GMT-05:00" name="Default test" finished-at="2024-01-02T17:45:53 GMT-05:00" duration-ms="4555">
      <class name="Automation.LocationStaticJson">
        <test-method signature="locationAPI()[pri:0, instance:Automation.LocationStaticJson@48fa0f47]" started-at="2024-01-02T17:45:48 GMT-05:00" name="locationAPI" finished-at="2024-01-02T17:45:53 GMT-05:00" duration-ms="4482" status="PASS">
          <reporter-output>
          </reporter-output>
        </test-method> <!-- locationAPI -->
      </class> <!-- Automation.LocationStaticJson -->
    </test> <!-- Default test -->
  </suite> <!-- Default suite -->
</testng-results>
